Determining if the pthread_create exist failed with the following output:
Change Dir: /repo/emarmou/work/uril2/build/CMakeFiles/CMakeTmp

Run Build Command:"/usr/bin/make" "cmTryCompileExec3448470674/fast"
/usr/bin/make -f CMakeFiles/cmTryCompileExec3448470674.dir/build.make CMakeFiles/cmTryCompileExec3448470674.dir/build
make[1]: Entering directory `/repo/emarmou/work/uril2/build/CMakeFiles/CMakeTmp'
/usr/local/bin/cmake -E cmake_progress_report /repo/emarmou/work/uril2/build/CMakeFiles/CMakeTmp/CMakeFiles 1
Building C object CMakeFiles/cmTryCompileExec3448470674.dir/CheckSymbolExists.c.o
/usr/bin/cc   --std=gnu99 -g -Wall -Werror     -o CMakeFiles/cmTryCompileExec3448470674.dir/CheckSymbolExists.c.o   -c /repo/emarmou/work/uril2/build/CMakeFiles/CMakeTmp/CheckSymbolExists.c
Linking C executable cmTryCompileExec3448470674
/usr/local/bin/cmake -E cmake_link_script CMakeFiles/cmTryCompileExec3448470674.dir/link.txt --verbose=1
/usr/bin/cc  --std=gnu99 -g -Wall -Werror      CMakeFiles/cmTryCompileExec3448470674.dir/CheckSymbolExists.c.o  -o cmTryCompileExec3448470674 -rdynamic 
CMakeFiles/cmTryCompileExec3448470674.dir/CheckSymbolExists.c.o: In function `main':
/repo/emarmou/work/uril2/build/CMakeFiles/CMakeTmp/CheckSymbolExists.c:8: undefined reference to `pthread_create'
collect2: error: ld returned 1 exit status
make[1]: *** [cmTryCompileExec3448470674] Error 1
make[1]: Leaving directory `/repo/emarmou/work/uril2/build/CMakeFiles/CMakeTmp'
make: *** [cmTryCompileExec3448470674/fast] Error 2

File /repo/emarmou/work/uril2/build/CMakeFiles/CMakeTmp/CheckSymbolExists.c:
/* */
#include <pthread.h>

int main(int argc, char** argv)
{
  (void)argv;
#ifndef pthread_create
  return ((int*)(&pthread_create))[argc];
#else
  (void)argc;
  return 0;
#endif
}

Determining if compiler accepts -pthread failed with the following output:
Change Dir: /repo/emarmou/work/uril2/build/CMakeFiles/CMakeTmp

Run Build Command:"/usr/bin/make" "cmTryCompileExec1289605691/fast"
/usr/bin/make -f CMakeFiles/cmTryCompileExec1289605691.dir/build.make CMakeFiles/cmTryCompileExec1289605691.dir/build
make[1]: Entering directory `/repo/emarmou/work/uril2/build/CMakeFiles/CMakeTmp'
/usr/local/bin/cmake -E cmake_progress_report /repo/emarmou/work/uril2/build/CMakeFiles/CMakeTmp/CMakeFiles 1
Building C object CMakeFiles/cmTryCompileExec1289605691.dir/CheckForPthreads.c.o
/usr/bin/cc   --std=gnu99 -g -Wall -Werror     -o CMakeFiles/cmTryCompileExec1289605691.dir/CheckForPthreads.c.o   -c /usr/local/share/cmake-3.2/Modules/CheckForPthreads.c
/usr/local/share/cmake-3.2/Modules/CheckForPthreads.c: In function ‘runner’:
/usr/local/share/cmake-3.2/Modules/CheckForPthreads.c:34:27: error: cast from pointer to integer of different size [-Werror=pointer-to-int-cast]
     printf("%d CC: %d\n", (int)args, cc);
                           ^
cc1: all warnings being treated as errors
make[1]: *** [CMakeFiles/cmTryCompileExec1289605691.dir/CheckForPthreads.c.o] Error 1
make[1]: Leaving directory `/repo/emarmou/work/uril2/build/CMakeFiles/CMakeTmp'
make: *** [cmTryCompileExec1289605691/fast] Error 2


Determining if the function pthread_create exists in the pthreads failed with the following output:
Change Dir: /repo/emarmou/work/uril2/build/CMakeFiles/CMakeTmp

Run Build Command:"/usr/bin/make" "cmTryCompileExec4035633224/fast"
/usr/bin/make -f CMakeFiles/cmTryCompileExec4035633224.dir/build.make CMakeFiles/cmTryCompileExec4035633224.dir/build
make[1]: Entering directory `/repo/emarmou/work/uril2/build/CMakeFiles/CMakeTmp'
/usr/local/bin/cmake -E cmake_progress_report /repo/emarmou/work/uril2/build/CMakeFiles/CMakeTmp/CMakeFiles 1
Building C object CMakeFiles/cmTryCompileExec4035633224.dir/CheckFunctionExists.c.o
/usr/bin/cc   --std=gnu99 -g -Wall -Werror  -DCHECK_FUNCTION_EXISTS=pthread_create   -o CMakeFiles/cmTryCompileExec4035633224.dir/CheckFunctionExists.c.o   -c /usr/local/share/cmake-3.2/Modules/CheckFunctionExists.c
Linking C executable cmTryCompileExec4035633224
/usr/local/bin/cmake -E cmake_link_script CMakeFiles/cmTryCompileExec4035633224.dir/link.txt --verbose=1
/usr/bin/cc  --std=gnu99 -g -Wall -Werror  -DCHECK_FUNCTION_EXISTS=pthread_create    CMakeFiles/cmTryCompileExec4035633224.dir/CheckFunctionExists.c.o  -o cmTryCompileExec4035633224 -rdynamic -lpthreads 
/usr/bin/ld: cannot find -lpthreads
collect2: error: ld returned 1 exit status
make[1]: *** [cmTryCompileExec4035633224] Error 1
make[1]: Leaving directory `/repo/emarmou/work/uril2/build/CMakeFiles/CMakeTmp'
make: *** [cmTryCompileExec4035633224/fast] Error 2


